<?xml version="1.0" encoding="UTF-8"?>
<!-- Generated by org.testng.reporters.JUnitReportReporter -->
<testsuite hostname="Vicky" failures="0" tests="1" name="Demo.Home" time="4.609" errors="0" timestamp="2023-12-05T12:49:10 IST" skipped="0">
  <testcase classname="Demo.Home" name="home" time="4.609"/>
  <system-out/>
</testsuite> <!-- Demo.Home -->
