<?xml version="1.0" encoding="UTF-8"?>
<!-- Generated by org.testng.reporters.JUnitReportReporter -->
<testsuite hostname="Vicky" failures="0" tests="1" name="Demo.Christmas" time="3.954" errors="0" timestamp="2023-12-05T13:05:09 IST" skipped="0">
  <testcase classname="Demo.Christmas" name="christmas" time="3.954"/>
  <system-out/>
</testsuite> <!-- Demo.Christmas -->
