<?xml version="1.0" encoding="UTF-8"?>
<!-- Generated by org.testng.reporters.JUnitReportReporter -->
<testsuite hostname="Vicky" failures="0" tests="1" name="Demo.KidsAndBaby" time="4.209" errors="0" timestamp="2023-12-05T12:50:44 IST" skipped="0">
  <testcase classname="Demo.KidsAndBaby" name="kidsAndBaby" time="4.209"/>
  <system-out/>
</testsuite> <!-- Demo.KidsAndBaby -->
