<?xml version="1.0" encoding="UTF-8"?>
<!-- Generated by org.testng.reporters.JUnitReportReporter -->
<testsuite hostname="Vicky" failures="0" tests="1" name="Demo.Gifts" time="4.465" errors="0" timestamp="2023-12-05T13:06:32 IST" skipped="0">
  <testcase classname="Demo.Gifts" name="gifts" time="4.465"/>
  <system-out/>
</testsuite> <!-- Demo.Gifts -->
