<?xml version="1.0" encoding="UTF-8"?>
<!-- Generated by org.testng.reporters.JUnitReportReporter -->
<testsuite hostname="Vicky" failures="0" tests="1" name="Demo.Clearance" time="3.459" errors="0" timestamp="2023-12-05T13:05:23 IST" skipped="0">
  <testcase classname="Demo.Clearance" name="clearance" time="3.459"/>
  <system-out/>
</testsuite> <!-- Demo.Clearance -->
