<?xml version="1.0" encoding="UTF-8"?>
<!-- Generated by org.testng.reporters.JUnitReportReporter -->
<testsuite hostname="Vicky" failures="0" tests="1" name="Demo.Beauty" time="5.046" errors="0" timestamp="2023-12-05T13:04:19 IST" skipped="0">
  <testcase classname="Demo.Beauty" name="beauty" time="5.046"/>
  <system-out/>
</testsuite> <!-- Demo.Beauty -->
